Computing k:  1  of  5
68096 out of  106496
Computing k:  2  of  5
493056 out of  1080320
Computing k:  3  of  5
1091584 out of  2656768
Computing k:  4  of  5
1721344 out of  4734976
Computing k:  5  of  5
2295296 out of  6171648
Done!

Dataset: texas():
======================
Number of graphs: 1
Number of features: 1703
Number of classes: 5

Data(x=[183, 1703], edge_index=[7], y=[183], train_mask=[183, 10], val_mask=[183, 10], test_mask=[183, 10])
===========================================================================================================
Device:  cuda:0
===========================================================================================================
Split:  0
===========================================================================================================
===========================================================================================================
Test Accuracy:  0.8108108108108109
===========================================================================================================
===========================================================================================================
Split:  1
===========================================================================================================
===========================================================================================================
Test Accuracy:  0.8918918918918919
===========================================================================================================
===========================================================================================================
Split:  2
===========================================================================================================
===========================================================================================================
Test Accuracy:  0.8108108108108109
===========================================================================================================
===========================================================================================================
Split:  3
===========================================================================================================
===========================================================================================================
Test Accuracy:  0.8918918918918919
===========================================================================================================
===========================================================================================================
Split:  4
===========================================================================================================
===========================================================================================================
Test Accuracy:  0.918918918918919
===========================================================================================================
===========================================================================================================
Split:  5
===========================================================================================================
===========================================================================================================
Test Accuracy:  0.8918918918918919
===========================================================================================================
===========================================================================================================
Split:  6
===========================================================================================================
===========================================================================================================
Test Accuracy:  0.9459459459459459
===========================================================================================================
===========================================================================================================
Split:  7
===========================================================================================================
===========================================================================================================
Test Accuracy:  0.8918918918918919
===========================================================================================================
===========================================================================================================
Split:  8
===========================================================================================================
===========================================================================================================
Test Accuracy:  0.8648648648648649
===========================================================================================================
===========================================================================================================
Split:  9
===========================================================================================================
===========================================================================================================
Test Accuracy:  0.9459459459459459
===========================================================================================================
===========================================================================================================
Report:  88.64864864864866 +- 4.490066952928688
===========================================================================================================
 Configuration:  Namespace(dataset='texas', cuda='cuda:0', hidden_channels=16, dropout=0.4, lr=0.03, wd=0.001, epochs=10000, hops=6)
===========================================================================================================
